<?xml version="1.0" encoding="UTF-8"?>
<testng-results ignored="4" total="6" passed="2" failed="0" skipped="0">
  <reporter-output>
  </reporter-output>
  <suite started-at="2023-04-25T20:02:05 IST" name="Suite" finished-at="2023-04-25T20:02:39 IST" duration-ms="33542">
    <groups>
      <group name="regressiontesting">
        <method signature="CreateOrganizationTest.createOrganizationTest()[pri:0, instance:Organizations.CreateOrganizationTest@7f3b84b8]" name="createOrganizationTest" class="Organizations.CreateOrganizationTest"/>
        <method signature="CreateAndDeleteProductTest.createAndDeleteProductTest()[pri:0, instance:Products.CreateAndDeleteProductTest@223d2c72]" name="createAndDeleteProductTest" class="Products.CreateAndDeleteProductTest"/>
      </group> <!-- regressiontesting -->
      <group name="smoketesting">
        <method signature="CreateAndDeleteProductTest.createAndDeleteProductTest()[pri:0, instance:Products.CreateAndDeleteProductTest@223d2c72]" name="createAndDeleteProductTest" class="Products.CreateAndDeleteProductTest"/>
      </group> <!-- smoketesting -->
    </groups>
    <test started-at="2023-04-25T20:02:05 IST" name="Test" finished-at="2023-04-25T20:02:39 IST" duration-ms="33542">
      <class name="Products.CreateAndDeleteProductTest">
        <test-method is-config="true" signature="BS()[pri:0, instance:Products.CreateAndDeleteProductTest@223d2c72]" started-at="2023-04-25T20:02:05 IST" name="BS" finished-at="2023-04-25T20:02:05 IST" duration-ms="15" status="PASS">
          <reporter-output>
          </reporter-output>
        </test-method> <!-- BS -->
        <test-method is-config="true" signature="BT()[pri:0, instance:Products.CreateAndDeleteProductTest@223d2c72]" started-at="2023-04-25T20:02:05 IST" name="BT" finished-at="2023-04-25T20:02:05 IST" duration-ms="0" status="PASS">
          <reporter-output>
          </reporter-output>
        </test-method> <!-- BT -->
        <test-method is-config="true" signature="BC()[pri:0, instance:Products.CreateAndDeleteProductTest@223d2c72]" started-at="2023-04-25T20:02:05 IST" name="BC" finished-at="2023-04-25T20:02:07 IST" duration-ms="2078" status="PASS">
          <reporter-output>
          </reporter-output>
        </test-method> <!-- BC -->
        <test-method is-config="true" signature="BM()[pri:0, instance:Products.CreateAndDeleteProductTest@223d2c72]" started-at="2023-04-25T20:02:07 IST" name="BM" finished-at="2023-04-25T20:02:11 IST" duration-ms="3337" status="PASS">
          <reporter-output>
          </reporter-output>
        </test-method> <!-- BM -->
        <test-method signature="createAndDeleteProductTest()[pri:0, instance:Products.CreateAndDeleteProductTest@223d2c72]" started-at="2023-04-25T20:02:11 IST" name="createAndDeleteProductTest" finished-at="2023-04-25T20:02:22 IST" duration-ms="11642" status="PASS">
          <reporter-output>
          </reporter-output>
        </test-method> <!-- createAndDeleteProductTest -->
        <test-method is-config="true" signature="AM()[pri:0, instance:Products.CreateAndDeleteProductTest@223d2c72]" started-at="2023-04-25T20:02:22 IST" name="AM" finished-at="2023-04-25T20:02:24 IST" duration-ms="1564" status="PASS">
          <reporter-output>
          </reporter-output>
        </test-method> <!-- AM -->
        <test-method is-config="true" signature="AC()[pri:0, instance:Products.CreateAndDeleteProductTest@223d2c72]" started-at="2023-04-25T20:02:24 IST" name="AC" finished-at="2023-04-25T20:02:24 IST" duration-ms="114" status="PASS">
          <reporter-output>
          </reporter-output>
        </test-method> <!-- AC -->
        <test-method is-config="true" signature="AT()[pri:0, instance:Products.CreateAndDeleteProductTest@223d2c72]" started-at="2023-04-25T20:02:39 IST" name="AT" finished-at="2023-04-25T20:02:39 IST" duration-ms="0" status="PASS">
          <reporter-output>
          </reporter-output>
        </test-method> <!-- AT -->
        <test-method is-config="true" signature="AS()[pri:0, instance:Products.CreateAndDeleteProductTest@223d2c72]" started-at="2023-04-25T20:02:39 IST" name="AS" finished-at="2023-04-25T20:02:39 IST" duration-ms="0" status="PASS">
          <reporter-output>
          </reporter-output>
        </test-method> <!-- AS -->
      </class> <!-- Products.CreateAndDeleteProductTest -->
      <class name="Organizations.CreateOrganizationTest">
        <test-method is-config="true" signature="BC()[pri:0, instance:Organizations.CreateOrganizationTest@7f3b84b8]" started-at="2023-04-25T20:02:24 IST" name="BC" finished-at="2023-04-25T20:02:25 IST" duration-ms="1195" status="PASS">
          <reporter-output>
          </reporter-output>
        </test-method> <!-- BC -->
        <test-method is-config="true" signature="BM()[pri:0, instance:Organizations.CreateOrganizationTest@7f3b84b8]" started-at="2023-04-25T20:02:25 IST" name="BM" finished-at="2023-04-25T20:02:29 IST" duration-ms="3510" status="PASS">
          <reporter-output>
          </reporter-output>
        </test-method> <!-- BM -->
        <test-method signature="createOrganizationTest()[pri:0, instance:Organizations.CreateOrganizationTest@7f3b84b8]" started-at="2023-04-25T20:02:29 IST" name="createOrganizationTest" finished-at="2023-04-25T20:02:37 IST" duration-ms="8572" status="PASS">
          <reporter-output>
          </reporter-output>
        </test-method> <!-- createOrganizationTest -->
        <test-method is-config="true" signature="AM()[pri:0, instance:Organizations.CreateOrganizationTest@7f3b84b8]" started-at="2023-04-25T20:02:37 IST" name="AM" finished-at="2023-04-25T20:02:39 IST" duration-ms="1353" status="PASS">
          <reporter-output>
          </reporter-output>
        </test-method> <!-- AM -->
        <test-method is-config="true" signature="AC()[pri:0, instance:Organizations.CreateOrganizationTest@7f3b84b8]" started-at="2023-04-25T20:02:39 IST" name="AC" finished-at="2023-04-25T20:02:39 IST" duration-ms="122" status="PASS">
          <reporter-output>
          </reporter-output>
        </test-method> <!-- AC -->
      </class> <!-- Organizations.CreateOrganizationTest -->
    </test> <!-- Test -->
  </suite> <!-- Suite -->
</testng-results>
