<?xml version="1.0" encoding="UTF-8"?>
<testng-results ignored="0" total="1" passed="1" failed="0" skipped="0">
  <reporter-output>
  </reporter-output>
  <suite started-at="2023-04-25T20:01:29 IST" name="Default suite" finished-at="2023-04-25T20:01:45 IST" duration-ms="16364">
    <groups>
      <group name="regressiontesting">
        <method signature="CreateOrganizationTest.createOrganizationTest()[pri:0, instance:Organizations.CreateOrganizationTest@292b08d6]" name="createOrganizationTest" class="Organizations.CreateOrganizationTest"/>
      </group> <!-- regressiontesting -->
    </groups>
    <test started-at="2023-04-25T20:01:29 IST" name="Default test" finished-at="2023-04-25T20:01:45 IST" duration-ms="16364">
      <class name="Organizations.CreateOrganizationTest">
        <test-method is-config="true" signature="BS()[pri:0, instance:Organizations.CreateOrganizationTest@292b08d6]" started-at="2023-04-25T20:01:29 IST" name="BS" finished-at="2023-04-25T20:01:29 IST" duration-ms="13" status="PASS">
          <reporter-output>
          </reporter-output>
        </test-method> <!-- BS -->
        <test-method is-config="true" signature="BT()[pri:0, instance:Organizations.CreateOrganizationTest@292b08d6]" started-at="2023-04-25T20:01:29 IST" name="BT" finished-at="2023-04-25T20:01:29 IST" duration-ms="1" status="PASS">
          <reporter-output>
          </reporter-output>
        </test-method> <!-- BT -->
        <test-method is-config="true" signature="BC()[pri:0, instance:Organizations.CreateOrganizationTest@292b08d6]" started-at="2023-04-25T20:01:29 IST" name="BC" finished-at="2023-04-25T20:01:31 IST" duration-ms="2032" status="PASS">
          <reporter-output>
          </reporter-output>
        </test-method> <!-- BC -->
        <test-method is-config="true" signature="BM()[pri:0, instance:Organizations.CreateOrganizationTest@292b08d6]" started-at="2023-04-25T20:01:31 IST" name="BM" finished-at="2023-04-25T20:01:34 IST" duration-ms="3762" status="PASS">
          <reporter-output>
          </reporter-output>
        </test-method> <!-- BM -->
        <test-method signature="createOrganizationTest()[pri:0, instance:Organizations.CreateOrganizationTest@292b08d6]" started-at="2023-04-25T20:01:34 IST" name="createOrganizationTest" finished-at="2023-04-25T20:01:43 IST" duration-ms="8944" status="PASS">
          <reporter-output>
          </reporter-output>
        </test-method> <!-- createOrganizationTest -->
        <test-method is-config="true" signature="AM()[pri:0, instance:Organizations.CreateOrganizationTest@292b08d6]" started-at="2023-04-25T20:01:43 IST" name="AM" finished-at="2023-04-25T20:01:45 IST" duration-ms="1456" status="PASS">
          <reporter-output>
          </reporter-output>
        </test-method> <!-- AM -->
        <test-method is-config="true" signature="AC()[pri:0, instance:Organizations.CreateOrganizationTest@292b08d6]" started-at="2023-04-25T20:01:45 IST" name="AC" finished-at="2023-04-25T20:01:45 IST" duration-ms="127" status="PASS">
          <reporter-output>
          </reporter-output>
        </test-method> <!-- AC -->
        <test-method is-config="true" signature="AT()[pri:0, instance:Organizations.CreateOrganizationTest@292b08d6]" started-at="2023-04-25T20:01:45 IST" name="AT" finished-at="2023-04-25T20:01:45 IST" duration-ms="0" status="PASS">
          <reporter-output>
          </reporter-output>
        </test-method> <!-- AT -->
        <test-method is-config="true" signature="AS()[pri:0, instance:Organizations.CreateOrganizationTest@292b08d6]" started-at="2023-04-25T20:01:45 IST" name="AS" finished-at="2023-04-25T20:01:45 IST" duration-ms="0" status="PASS">
          <reporter-output>
          </reporter-output>
        </test-method> <!-- AS -->
      </class> <!-- Organizations.CreateOrganizationTest -->
    </test> <!-- Default test -->
  </suite> <!-- Default suite -->
</testng-results>
