<?xml version="1.0" encoding="UTF-8"?>
<testng-results ignored="0" total="1" passed="1" failed="0" skipped="0">
  <reporter-output>
  </reporter-output>
  <suite started-at="2023-04-25T20:22:50 IST" name="Default suite" finished-at="2023-04-25T20:23:04 IST" duration-ms="14892">
    <groups>
      <group name="regressiontesting">
        <method signature="CreateOrganizationTest.createOrganizationTest()[pri:0, instance:Organizations.CreateOrganizationTest@5fe94a96]" name="createOrganizationTest" class="Organizations.CreateOrganizationTest"/>
      </group> <!-- regressiontesting -->
    </groups>
    <test started-at="2023-04-25T20:22:50 IST" name="Default test" finished-at="2023-04-25T20:23:04 IST" duration-ms="14892">
      <class name="Organizations.CreateOrganizationTest">
        <test-method is-config="true" signature="BS()[pri:0, instance:Organizations.CreateOrganizationTest@5fe94a96]" started-at="2023-04-25T20:22:50 IST" name="BS" finished-at="2023-04-25T20:22:50 IST" duration-ms="13" status="PASS">
          <reporter-output>
          </reporter-output>
        </test-method> <!-- BS -->
        <test-method is-config="true" signature="BT()[pri:0, instance:Organizations.CreateOrganizationTest@5fe94a96]" started-at="2023-04-25T20:22:50 IST" name="BT" finished-at="2023-04-25T20:22:50 IST" duration-ms="1" status="PASS">
          <reporter-output>
          </reporter-output>
        </test-method> <!-- BT -->
        <test-method is-config="true" signature="BC()[pri:0, instance:Organizations.CreateOrganizationTest@5fe94a96]" started-at="2023-04-25T20:22:50 IST" name="BC" finished-at="2023-04-25T20:22:52 IST" duration-ms="1980" status="PASS">
          <reporter-output>
          </reporter-output>
        </test-method> <!-- BC -->
        <test-method is-config="true" signature="BM()[pri:0, instance:Organizations.CreateOrganizationTest@5fe94a96]" started-at="2023-04-25T20:22:52 IST" name="BM" finished-at="2023-04-25T20:22:55 IST" duration-ms="3261" status="PASS">
          <reporter-output>
          </reporter-output>
        </test-method> <!-- BM -->
        <test-method signature="createOrganizationTest()[pri:0, instance:Organizations.CreateOrganizationTest@5fe94a96]" started-at="2023-04-25T20:22:55 IST" name="createOrganizationTest" finished-at="2023-04-25T20:23:03 IST" duration-ms="8016" status="PASS">
          <reporter-output>
          </reporter-output>
        </test-method> <!-- createOrganizationTest -->
        <test-method is-config="true" signature="AM()[pri:0, instance:Organizations.CreateOrganizationTest@5fe94a96]" started-at="2023-04-25T20:23:03 IST" name="AM" finished-at="2023-04-25T20:23:04 IST" duration-ms="1451" status="PASS">
          <reporter-output>
          </reporter-output>
        </test-method> <!-- AM -->
        <test-method is-config="true" signature="AC()[pri:0, instance:Organizations.CreateOrganizationTest@5fe94a96]" started-at="2023-04-25T20:23:04 IST" name="AC" finished-at="2023-04-25T20:23:04 IST" duration-ms="146" status="PASS">
          <reporter-output>
          </reporter-output>
        </test-method> <!-- AC -->
        <test-method is-config="true" signature="AT()[pri:0, instance:Organizations.CreateOrganizationTest@5fe94a96]" started-at="2023-04-25T20:23:04 IST" name="AT" finished-at="2023-04-25T20:23:04 IST" duration-ms="0" status="PASS">
          <reporter-output>
          </reporter-output>
        </test-method> <!-- AT -->
        <test-method is-config="true" signature="AS()[pri:0, instance:Organizations.CreateOrganizationTest@5fe94a96]" started-at="2023-04-25T20:23:04 IST" name="AS" finished-at="2023-04-25T20:23:04 IST" duration-ms="0" status="PASS">
          <reporter-output>
          </reporter-output>
        </test-method> <!-- AS -->
      </class> <!-- Organizations.CreateOrganizationTest -->
    </test> <!-- Default test -->
  </suite> <!-- Default suite -->
</testng-results>
