<?xml version="1.0" encoding="UTF-8"?>
<!-- Generated by org.testng.reporters.JUnitXMLReporter -->
<testsuite ignored="4" hostname="anvitha" failures="0" tests="2" name="Test" time="33.542" errors="0" timestamp="2023-04-25T20:02:39 IST">
  <testcase classname="Products.CreateAndDeleteProductTest" name="createAndDeleteProductTest" time="11.642"/>
  <testcase classname="Organizations.CreateOrganizationTest" name="createOrganizationTest" time="8.572"/>
  <testcase classname="GenericUtility.BaseClass" name="@BeforeSuite BS" time="0.0">
    <ignored/>
  </testcase> <!-- @BeforeSuite BS -->
  <testcase classname="GenericUtility.BaseClass" name="@BeforeTest BT" time="0.0">
    <ignored/>
  </testcase> <!-- @BeforeTest BT -->
  <testcase classname="GenericUtility.BaseClass" name="@AfterSuite AS" time="0.0">
    <ignored/>
  </testcase> <!-- @AfterSuite AS -->
  <testcase classname="GenericUtility.BaseClass" name="@AfterTest AT" time="0.0">
    <ignored/>
  </testcase> <!-- @AfterTest AT -->
</testsuite> <!-- Test -->
